# JRE version: OpenJDK Runtime Environment (11.0.8+10) (build 11.0.8+10-b944.6842174)
# Java VM: OpenJDK 64-Bit Server VM (11.0.8+10-b944.6842174, mixed mode, tiered, compressed oops, g1 gc, windows-amd64)
Heap:
 garbage-first heap   total 449536K, used 362764K [0x0000000080000000, 0x0000000100000000)
  region size 1024K, 155 young (158720K), 11 survivors (11264K)
 Metaspace       used 136798K, capacity 140495K, committed 140620K, reserved 1171456K
  class space    used 16927K, capacity 18177K, committed 18252K, reserved 1048576K
GC Heap History (20 events):
Event: 30.289 GC heap before
{Heap before GC invocations=49 (full 0):
 garbage-first heap   total 342016K, used 278148K [0x0000000080000000, 0x0000000100000000)
  region size 1024K, 134 young (137216K), 9 survivors (9216K)
 Metaspace       used 114493K, capacity 117651K, committed 117964K, reserved 1150976K
  class space    used 14413K, capacity 15468K, committed 15564K, reserved 1048576K
}
Event: 30.296 GC heap after
{Heap after GC invocations=50 (full 0):
 garbage-first heap   total 342016K, used 148410K [0x0000000080000000, 0x0000000100000000)
  region size 1024K, 7 young (7168K), 7 survivors (7168K)
 Metaspace       used 114493K, capacity 117651K, committed 117964K, reserved 1150976K
  class space    used 14413K, capacity 15468K, committed 15564K, reserved 1048576K
}
Event: 30.872 GC heap before
{Heap before GC invocations=50 (full 0):
 garbage-first heap   total 342016K, used 286650K [0x0000000080000000, 0x0000000100000000)
  region size 1024K, 142 young (145408K), 7 survivors (7168K)
 Metaspace       used 114516K, capacity 117656K, committed 117964K, reserved 1150976K
  class space    used 14414K, capacity 15469K, committed 15564K, reserved 1048576K
}
Event: 30.878 GC heap after
{Heap after GC invocations=51 (full 0):
 garbage-first heap   total 342016K, used 147858K [0x0000000080000000, 0x0000000100000000)
  region size 1024K, 6 young (6144K), 6 survivors (6144K)
 Metaspace       used 114516K, capacity 117656K, committed 117964K, reserved 1150976K
  class space    used 14414K, capacity 15469K, committed 15564K, reserved 1048576K
}
Event: 31.821 GC heap before
{Heap before GC invocations=51 (full 0):
 garbage-first heap   total 342016K, used 298386K [0x0000000080000000, 0x0000000100000000)
  region size 1024K, 145 young (148480K), 6 survivors (6144K)
 Metaspace       used 116517K, capacity 119661K, committed 119756K, reserved 1153024K
  class space    used 14659K, capacity 15757K, committed 15820K, reserved 1048576K
}
Event: 31.839 GC heap after
{Heap after GC invocations=52 (full 0):
 garbage-first heap   total 342016K, used 162814K [0x0000000080000000, 0x0000000100000000)
  region size 1024K, 17 young (17408K), 17 survivors (17408K)
 Metaspace       used 116517K, capacity 119661K, committed 119756K, reserved 1153024K
  class space    used 14659K, capacity 15757K, committed 15820K, reserved 1048576K
}
Event: 32.567 GC heap before
{Heap before GC invocations=52 (full 0):
 garbage-first heap   total 342016K, used 283646K [0x0000000080000000, 0x0000000100000000)
  region size 1024K, 134 young (137216K), 17 survivors (17408K)
 Metaspace       used 119444K, capacity 122704K, committed 122956K, reserved 1157120K
  class space    used 15037K, capacity 16171K, committed 16204K, reserved 1048576K
}
Event: 32.621 GC heap after
{Heap after GC invocations=53 (full 0):
 garbage-first heap   total 342016K, used 185175K [0x0000000080000000, 0x0000000100000000)
  region size 1024K, 17 young (17408K), 17 survivors (17408K)
 Metaspace       used 119444K, capacity 122704K, committed 122956K, reserved 1157120K
  class space    used 15037K, capacity 16171K, committed 16204K, reserved 1048576K
}
Event: 33.443 GC heap before
{Heap before GC invocations=53 (full 0):
 garbage-first heap   total 342016K, used 283479K [0x0000000080000000, 0x0000000100000000)
  region size 1024K, 106 young (108544K), 17 survivors (17408K)
 Metaspace       used 123327K, capacity 126713K, committed 127052K, reserved 1159168K
  class space    used 15491K, capacity 16623K, committed 16716K, reserved 1048576K
}
Event: 33.470 GC heap after
{Heap after GC invocations=54 (full 0):
 garbage-first heap   total 342016K, used 202086K [0x0000000080000000, 0x0000000100000000)
  region size 1024K, 9 young (9216K), 9 survivors (9216K)
 Metaspace       used 123327K, capacity 126713K, committed 127052K, reserved 1159168K
  class space    used 15491K, capacity 16623K, committed 16716K, reserved 1048576K
}
Event: 38.270 GC heap before
{Heap before GC invocations=54 (full 0):
 garbage-first heap   total 342016K, used 281958K [0x0000000080000000, 0x0000000100000000)
  region size 1024K, 88 young (90112K), 9 survivors (9216K)
 Metaspace       used 126050K, capacity 129434K, committed 129612K, reserved 1161216K
  class space    used 15693K, capacity 16845K, committed 16972K, reserved 1048576K
}
Event: 38.280 GC heap after
{Heap after GC invocations=55 (full 0):
 garbage-first heap   total 449536K, used 190888K [0x0000000080000000, 0x0000000100000000)
  region size 1024K, 3 young (3072K), 3 survivors (3072K)
 Metaspace       used 126050K, capacity 129434K, committed 129612K, reserved 1161216K
  class space    used 15693K, capacity 16845K, committed 16972K, reserved 1048576K
}
Event: 47.077 GC heap before
{Heap before GC invocations=55 (full 0):
 garbage-first heap   total 449536K, used 330152K [0x0000000080000000, 0x0000000100000000)
  region size 1024K, 140 young (143360K), 3 survivors (3072K)
 Metaspace       used 127922K, capacity 131433K, committed 131532K, reserved 1163264K
  class space    used 15849K, capacity 17030K, committed 17100K, reserved 1048576K
}
Event: 47.113 GC heap after
{Heap after GC invocations=56 (full 0):
 garbage-first heap   total 449536K, used 194409K [0x0000000080000000, 0x0000000100000000)
  region size 1024K, 6 young (6144K), 6 survivors (6144K)
 Metaspace       used 127922K, capacity 131433K, committed 131532K, reserved 1163264K
  class space    used 15849K, capacity 17030K, committed 17100K, reserved 1048576K
}
Event: 48.439 GC heap before
{Heap before GC invocations=56 (full 0):
 garbage-first heap   total 449536K, used 342889K [0x0000000080000000, 0x0000000100000000)
  region size 1024K, 149 young (152576K), 6 survivors (6144K)
 Metaspace       used 127935K, capacity 131439K, committed 131532K, reserved 1163264K
  class space    used 15850K, capacity 17031K, committed 17100K, reserved 1048576K
}
Event: 48.468 GC heap after
{Heap after GC invocations=57 (full 0):
 garbage-first heap   total 449536K, used 202954K [0x0000000080000000, 0x0000000100000000)
  region size 1024K, 13 young (13312K), 13 survivors (13312K)
 Metaspace       used 127935K, capacity 131439K, committed 131532K, reserved 1163264K
  class space    used 15850K, capacity 17031K, committed 17100K, reserved 1048576K
}
Event: 52.857 GC heap before
{Heap before GC invocations=57 (full 0):
 garbage-first heap   total 449536K, used 351434K [0x0000000080000000, 0x0000000100000000)
  region size 1024K, 157 young (160768K), 13 survivors (13312K)
 Metaspace       used 136257K, capacity 139961K, committed 140108K, reserved 1171456K
  class space    used 16871K, capacity 18123K, committed 18252K, reserved 1048576K
}
Event: 52.912 GC heap after
{Heap after GC invocations=58 (full 0):
 garbage-first heap   total 449536K, used 199675K [0x0000000080000000, 0x0000000100000000)
  region size 1024K, 5 young (5120K), 5 survivors (5120K)
 Metaspace       used 136257K, capacity 139961K, committed 140108K, reserved 1171456K
  class space    used 16871K, capacity 18123K, committed 18252K, reserved 1048576K
}
Event: 56.331 GC heap before
{Heap before GC invocations=58 (full 0):
 garbage-first heap   total 449536K, used 361467K [0x0000000080000000, 0x0000000100000000)
  region size 1024K, 160 young (163840K), 5 survivors (5120K)
 Metaspace       used 136721K, capacity 140347K, committed 140620K, reserved 1171456K
  class space    used 16923K, capacity 18175K, committed 18252K, reserved 1048576K
}
Event: 56.367 GC heap after
{Heap after GC invocations=59 (full 0):
 garbage-first heap   total 449536K, used 205068K [0x0000000080000000, 0x0000000100000000)
  region size 1024K, 11 young (11264K), 11 survivors (11264K)
 Metaspace       used 136721K, capacity 140347K, committed 140620K, reserved 1171456K
  class space    used 16923K, capacity 18175K, committed 18252K, reserved 1048576K
}

