# JRE version: OpenJDK Runtime Environment (11.0.8+10) (build 11.0.8+10-b944.6842174)
# Java VM: OpenJDK 64-Bit Server VM (11.0.8+10-b944.6842174, mixed mode, tiered, compressed oops, g1 gc, windows-amd64)
Heap:
 garbage-first heap   total 477184K, used 206848K [0x0000000080000000, 0x0000000100000000)
  region size 1024K, 2 young (2048K), 2 survivors (2048K)
 Metaspace       used 149462K, capacity 153866K, committed 154060K, reserved 1183744K
  class space    used 18152K, capacity 19645K, committed 19712K, reserved 1048576K
GC Heap History (20 events):
Event: 388.852 GC heap after
{Heap after GC invocations=69 (full 0):
 garbage-first heap   total 327680K, used 173204K [0x0000000080000000, 0x0000000100000000)
  region size 1024K, 12 young (12288K), 12 survivors (12288K)
 Metaspace       used 147214K, capacity 151483K, committed 151628K, reserved 1181696K
  class space    used 18032K, capacity 19491K, committed 19584K, reserved 1048576K
}
Event: 389.483 GC heap before
{Heap before GC invocations=69 (full 0):
 garbage-first heap   total 327680K, used 257172K [0x0000000080000000, 0x0000000100000000)
  region size 1024K, 95 young (97280K), 12 survivors (12288K)
 Metaspace       used 147881K, capacity 152161K, committed 152396K, reserved 1181696K
  class space    used 18094K, capacity 19559K, committed 19584K, reserved 1048576K
}
Event: 389.511 GC heap after
{Heap after GC invocations=70 (full 0):
 garbage-first heap   total 327680K, used 171780K [0x0000000080000000, 0x0000000100000000)
  region size 1024K, 3 young (3072K), 3 survivors (3072K)
 Metaspace       used 147881K, capacity 152161K, committed 152396K, reserved 1181696K
  class space    used 18094K, capacity 19559K, committed 19584K, reserved 1048576K
}
Event: 390.259 GC heap before
{Heap before GC invocations=70 (full 0):
 garbage-first heap   total 327680K, used 259844K [0x0000000080000000, 0x0000000100000000)
  region size 1024K, 89 young (91136K), 3 survivors (3072K)
 Metaspace       used 147929K, capacity 152238K, committed 152396K, reserved 1181696K
  class space    used 18102K, capacity 19563K, committed 19584K, reserved 1048576K
}
Event: 390.266 GC heap after
{Heap after GC invocations=71 (full 0):
 garbage-first heap   total 327680K, used 172036K [0x0000000080000000, 0x0000000100000000)
  region size 1024K, 4 young (4096K), 4 survivors (4096K)
 Metaspace       used 147929K, capacity 152238K, committed 152396K, reserved 1181696K
  class space    used 18102K, capacity 19563K, committed 19584K, reserved 1048576K
}
Event: 391.177 GC heap before
{Heap before GC invocations=71 (full 0):
 garbage-first heap   total 327680K, used 262148K [0x0000000080000000, 0x0000000100000000)
  region size 1024K, 92 young (94208K), 4 survivors (4096K)
 Metaspace       used 148407K, capacity 152700K, committed 152908K, reserved 1183744K
  class space    used 18104K, capacity 19567K, committed 19584K, reserved 1048576K
}
Event: 391.187 GC heap after
{Heap after GC invocations=72 (full 0):
 garbage-first heap   total 327680K, used 173645K [0x0000000080000000, 0x0000000100000000)
  region size 1024K, 5 young (5120K), 5 survivors (5120K)
 Metaspace       used 148407K, capacity 152700K, committed 152908K, reserved 1183744K
  class space    used 18104K, capacity 19567K, committed 19584K, reserved 1048576K
}
Event: 391.998 GC heap before
{Heap before GC invocations=72 (full 0):
 garbage-first heap   total 327680K, used 265805K [0x0000000080000000, 0x0000000100000000)
  region size 1024K, 95 young (97280K), 5 survivors (5120K)
 Metaspace       used 148924K, capacity 153246K, committed 153420K, reserved 1183744K
  class space    used 18107K, capacity 19571K, committed 19584K, reserved 1048576K
}
Event: 392.007 GC heap after
{Heap after GC invocations=73 (full 0):
 garbage-first heap   total 327680K, used 174595K [0x0000000080000000, 0x0000000100000000)
  region size 1024K, 6 young (6144K), 6 survivors (6144K)
 Metaspace       used 148924K, capacity 153246K, committed 153420K, reserved 1183744K
  class space    used 18107K, capacity 19571K, committed 19584K, reserved 1048576K
}
Event: 392.643 GC heap before
{Heap before GC invocations=73 (full 0):
 garbage-first heap   total 327680K, used 268803K [0x0000000080000000, 0x0000000100000000)
  region size 1024K, 98 young (100352K), 6 survivors (6144K)
 Metaspace       used 148998K, capacity 153318K, committed 153420K, reserved 1183744K
  class space    used 18107K, capacity 19571K, committed 19584K, reserved 1048576K
}
Event: 392.654 GC heap after
{Heap after GC invocations=74 (full 0):
 garbage-first heap   total 327680K, used 176555K [0x0000000080000000, 0x0000000100000000)
  region size 1024K, 8 young (8192K), 8 survivors (8192K)
 Metaspace       used 148998K, capacity 153318K, committed 153420K, reserved 1183744K
  class space    used 18107K, capacity 19571K, committed 19584K, reserved 1048576K
}
Event: 393.255 GC heap before
{Heap before GC invocations=74 (full 0):
 garbage-first heap   total 327680K, used 281003K [0x0000000080000000, 0x0000000100000000)
  region size 1024K, 101 young (103424K), 8 survivors (8192K)
 Metaspace       used 149080K, capacity 153407K, committed 153420K, reserved 1183744K
  class space    used 18114K, capacity 19578K, committed 19584K, reserved 1048576K
}
Event: 393.290 GC heap after
{Heap after GC invocations=75 (full 0):
 garbage-first heap   total 327680K, used 193550K [0x0000000080000000, 0x0000000100000000)
  region size 1024K, 13 young (13312K), 13 survivors (13312K)
 Metaspace       used 149080K, capacity 153407K, committed 153420K, reserved 1183744K
  class space    used 18114K, capacity 19578K, committed 19584K, reserved 1048576K
}
Event: 393.540 GC heap before
{Heap before GC invocations=75 (full 0):
 garbage-first heap   total 327680K, used 271374K [0x0000000080000000, 0x0000000100000000)
  region size 1024K, 90 young (92160K), 13 survivors (13312K)
 Metaspace       used 149179K, capacity 153475K, committed 153676K, reserved 1183744K
  class space    used 18120K, capacity 19579K, committed 19584K, reserved 1048576K
}
Event: 393.615 GC heap after
{Heap after GC invocations=76 (full 0):
 garbage-first heap   total 327680K, used 221376K [0x0000000080000000, 0x0000000100000000)
  region size 1024K, 12 young (12288K), 12 survivors (12288K)
 Metaspace       used 149179K, capacity 153475K, committed 153676K, reserved 1183744K
  class space    used 18120K, capacity 19579K, committed 19584K, reserved 1048576K
}
Event: 393.898 GC heap before
{Heap before GC invocations=76 (full 0):
 garbage-first heap   total 327680K, used 267456K [0x0000000080000000, 0x0000000100000000)
  region size 1024K, 58 young (59392K), 12 survivors (12288K)
 Metaspace       used 149417K, capacity 153736K, committed 153804K, reserved 1183744K
  class space    used 18149K, capacity 19644K, committed 19712K, reserved 1048576K
}
Event: 393.931 GC heap after
{Heap after GC invocations=77 (full 0):
 garbage-first heap   total 327680K, used 229458K [0x0000000080000000, 0x0000000100000000)
  region size 1024K, 7 young (7168K), 7 survivors (7168K)
 Metaspace       used 149417K, capacity 153736K, committed 153804K, reserved 1183744K
  class space    used 18149K, capacity 19644K, committed 19712K, reserved 1048576K
}
Event: 394.690 GC heap before
{Heap before GC invocations=78 (full 0):
 garbage-first heap   total 327680K, used 266802K [0x0000000080000000, 0x0000000100000000)
  region size 1024K, 49 young (50176K), 7 survivors (7168K)
 Metaspace       used 149458K, capacity 153866K, committed 154060K, reserved 1183744K
  class space    used 18152K, capacity 19645K, committed 19712K, reserved 1048576K
}
Event: 394.719 GC heap after
{Heap after GC invocations=79 (full 0):
 garbage-first heap   total 327680K, used 229834K [0x0000000080000000, 0x0000000100000000)
  region size 1024K, 7 young (7168K), 7 survivors (7168K)
 Metaspace       used 149458K, capacity 153866K, committed 154060K, reserved 1183744K
  class space    used 18152K, capacity 19645K, committed 19712K, reserved 1048576K
}
Event: 394.919 GC heap before
{Heap before GC invocations=79 (full 0):
 garbage-first heap   total 327680K, used 240074K [0x0000000080000000, 0x0000000100000000)
  region size 1024K, 16 young (16384K), 7 survivors (7168K)
 Metaspace       used 149462K, capacity 153866K, committed 154060K, reserved 1183744K
  class space    used 18152K, capacity 19645K, committed 19712K, reserved 1048576K
}

